2023-11-15 14:10:14.576 [info] Added views:workbench.panel.markers.view in workbench.panel.markers
2023-11-15 14:10:14.576 [info] Added views:workbench.panel.output in workbench.panel.output
2023-11-15 14:10:14.576 [info] Added views:terminal in terminal
2023-11-15 14:10:14.576 [info] Added views:outline in workbench.view.explorer
2023-11-15 14:10:14.576 [info] Added views:workbench.scm in workbench.view.scm
2023-11-15 14:10:14.576 [info] Added views:workbench.view.search in workbench.view.search
2023-11-15 14:10:14.576 [info] Added views:timeline in workbench.view.explorer
2023-11-15 14:10:14.576 [info] Added views:workbench.explorer.fileView in workbench.view.explorer
2023-11-15 14:10:14.888 [info] Added views:workbench.debug.welcome in workbench.view.debug
2023-11-15 14:10:15.974 [info] Added views:workbench.panel.repl.view in workbench.panel.repl
2023-11-15 14:10:16.440 [info] Added views:workbench.view.testing in workbench.view.extension.test
2023-11-15 14:10:16.877 [info] Added views:~remote.forwardedPorts in ~remote.forwardedPortsContainer
2023-11-15 14:10:20.218 [info] Added views:workbench.views.extensions.installed,workbench.views.extensions.popular,extensions.recommendedList in workbench.view.extensions
2023-11-15 14:10:20.220 [info] Removed views:workbench.views.extensions.popular from workbench.view.extensions
2023-11-15 14:10:23.117 [info] Removed views:extensions.recommendedList,workbench.views.extensions.installed from workbench.view.extensions
2023-11-15 14:10:23.127 [info] Added views:workbench.views.extensions.marketplace in workbench.view.extensions
2023-11-15 14:10:32.099 [info] Removed views:workbench.views.extensions.marketplace from workbench.view.extensions
2023-11-15 14:10:32.110 [info] Added views:workbench.views.extensions.installed,extensions.recommendedList in workbench.view.extensions
2023-11-15 14:10:35.774 [info] Removed views:extensions.recommendedList,workbench.views.extensions.installed from workbench.view.extensions
2023-11-15 14:10:35.786 [info] Added views:workbench.views.extensions.marketplace in workbench.view.extensions
2023-11-15 14:10:43.566 [info] Removed views:workbench.views.extensions.marketplace from workbench.view.extensions
2023-11-15 14:10:43.586 [info] Added views:workbench.views.extensions.installed,extensions.recommendedList in workbench.view.extensions
2023-11-15 14:10:48.090 [info] Removed views:workbench.view.testing from workbench.view.extension.test
