2023-11-15 14:11:29.656 [info] Added views:workbench.panel.markers.view in workbench.panel.markers
2023-11-15 14:11:29.656 [info] Added views:workbench.panel.output in workbench.panel.output
2023-11-15 14:11:29.656 [info] Added views:terminal in terminal
2023-11-15 14:11:29.656 [info] Added views:outline in workbench.view.explorer
2023-11-15 14:11:29.656 [info] Added views:workbench.scm in workbench.view.scm
2023-11-15 14:11:29.656 [info] Added views:workbench.view.search in workbench.view.search
2023-11-15 14:11:29.656 [info] Added views:timeline in workbench.view.explorer
2023-11-15 14:11:29.656 [info] Added views:workbench.explorer.emptyView in workbench.view.explorer
2023-11-15 14:11:30.558 [info] Added views:workbench.debug.variablesView,workbench.debug.watchExpressionsView,workbench.debug.callStackView,workbench.debug.breakPointsView in workbench.view.debug
2023-11-15 14:11:30.610 [info] Added views:workbench.panel.repl.view in workbench.panel.repl
2023-11-15 14:11:30.611 [info] Removed views:workbench.debug.breakPointsView,workbench.debug.callStackView,workbench.debug.watchExpressionsView,workbench.debug.variablesView from workbench.view.debug
2023-11-15 14:11:30.611 [info] Added views:workbench.debug.welcome in workbench.view.debug
2023-11-15 14:11:30.806 [info] Added views:~remote.forwardedPorts in ~remote.forwardedPortsContainer
2023-11-15 14:13:32.521 [info] Added views:workbench.views.extensions.installed,workbench.views.extensions.popular,extensions.recommendedList in workbench.view.extensions
2023-11-15 14:13:32.524 [info] Removed views:workbench.views.extensions.popular from workbench.view.extensions
2023-11-15 14:13:33.166 [info] Removed views:extensions.recommendedList,workbench.views.extensions.installed from workbench.view.extensions
2023-11-15 14:13:33.178 [info] Added views:workbench.views.extensions.otherRecommendations in workbench.view.extensions
2023-11-15 14:13:42.516 [info] Removed views:workbench.views.extensions.otherRecommendations from workbench.view.extensions
2023-11-15 14:13:42.533 [info] Added views:workbench.views.extensions.installed,extensions.recommendedList in workbench.view.extensions
2023-11-15 14:13:49.545 [info] Removed views:extensions.recommendedList,workbench.views.extensions.installed from workbench.view.extensions
2023-11-15 14:13:49.554 [info] Added views:workbench.views.extensions.marketplace in workbench.view.extensions
2023-11-15 14:18:29.160 [info] Removed views:workbench.views.extensions.marketplace from workbench.view.extensions
2023-11-15 14:18:29.177 [info] Added views:workbench.views.extensions.installed,extensions.recommendedList in workbench.view.extensions
